TN:
SF:src\index.ts
FNF:0
FNH:0
DA:1,0
DA:2,0
DA:3,0
DA:4,0
DA:5,0
DA:6,0
DA:8,0
DA:10,0
DA:11,0
DA:12,0
DA:13,0
DA:15,0
DA:17,0
LF:13
LH:0
BRF:0
BRH:0
end_of_record
TN:
SF:src\server.ts
FN:4,(anonymous_1)
FNF:1
FNH:0
FNDA:0,(anonymous_1)
DA:1,0
DA:3,0
DA:4,0
DA:5,0
LF:4
LH:0
BRDA:3,0,0,0
BRDA:3,0,1,0
BRF:2
BRH:0
end_of_record
TN:
SF:src\config\ResponseModel.ts
FN:7,(anonymous_0)
FNF:1
FNH:0
FNDA:0,(anonymous_0)
DA:1,0
DA:8,0
DA:9,0
DA:10,0
DA:11,0
DA:12,0
DA:13,0
DA:14,0
DA:15,0
DA:17,0
DA:20,0
DA:21,0
DA:22,0
LF:13
LH:0
BRDA:7,0,0,0
BRDA:7,1,0,0
BRDA:8,2,0,0
BRDA:8,2,1,0
BRDA:10,3,0,0
BRDA:10,3,1,0
BRDA:12,4,0,0
BRDA:12,4,1,0
BRDA:14,5,0,0
BRDA:14,5,1,0
BRDA:22,6,0,0
BRDA:22,6,1,0
BRF:12
BRH:0
end_of_record
TN:
SF:src\config\database.ts
FNF:0
FNH:0
DA:1,0
DA:3,0
LF:2
LH:0
BRF:0
BRH:0
end_of_record
TN:
SF:src\controllers\authController.ts
FN:4,register
FN:12,login
FNF:2
FNH:0
FNDA:0,register
FNDA:0,login
DA:2,0
DA:4,0
DA:5,0
DA:7,0
DA:9,0
DA:12,0
DA:13,0
DA:15,0
DA:17,0
LF:9
LH:0
BRF:0
BRH:0
end_of_record
TN:
SF:src\errors\AppError.ts
FN:6,(anonymous_0)
FNF:1
FNH:0
FNDA:0,(anonymous_0)
DA:1,0
DA:7,0
DA:8,0
DA:9,0
LF:4
LH:0
BRDA:6,0,0,0
BRF:1
BRH:0
end_of_record
TN:
SF:src\middlewares\authMiddleware.ts
FN:9,authMiddleware
FNF:1
FNH:0
FNDA:0,authMiddleware
DA:1,0
DA:3,0
DA:9,0
DA:14,0
DA:16,0
DA:17,0
DA:20,0
DA:21,0
DA:22,0
DA:25,0
DA:26,0
DA:28,0
LF:12
LH:0
BRDA:14,0,0,0
BRDA:14,0,1,0
BRDA:14,1,0,0
BRDA:14,1,1,0
BRDA:16,2,0,0
BRDA:21,3,0,0
BRF:6
BRH:0
end_of_record
TN:
SF:src\middlewares\errorMiddleware.ts
FN:5,errorHandlingMiddleware
FNF:1
FNH:0
FNDA:0,errorHandlingMiddleware
DA:2,0
DA:3,0
DA:5,0
DA:11,0
DA:12,0
DA:16,0
DA:18,0
LF:7
LH:0
BRDA:11,0,0,0
BRF:1
BRH:0
end_of_record
TN:
SF:src\middlewares\validateSchema.ts
FN:5,validateSchemaMiddleware
FN:6,(anonymous_1)
FN:11,(anonymous_2)
FNF:3
FNH:0
FNDA:0,validateSchemaMiddleware
FNDA:0,(anonymous_1)
FNDA:0,(anonymous_2)
DA:3,0
DA:5,0
DA:6,0
DA:7,0
DA:8,0
DA:9,0
DA:10,0
DA:11,0
DA:16,0
LF:9
LH:0
BRDA:8,0,0,0
BRF:1
BRH:0
end_of_record
TN:
SF:src\repositories\authRepository.ts
FN:11,insert
FN:22,verifyEmail
FN:30,verifyUserId
FN:38,incrementFailedLoginAttempts
FN:45,resetFailedAttempts
FN:52,setBlockUntil
FN:59,resetBlockedUntil
FNF:7
FNH:0
FNDA:0,insert
FNDA:0,verifyEmail
FNDA:0,verifyUserId
FNDA:0,incrementFailedLoginAttempts
FNDA:0,resetFailedAttempts
FNDA:0,setBlockUntil
FNDA:0,resetBlockedUntil
DA:2,0
DA:11,0
DA:12,0
DA:22,0
DA:23,0
DA:30,0
DA:31,0
DA:38,0
DA:39,0
DA:45,0
DA:46,0
DA:52,0
DA:53,0
DA:59,0
DA:60,0
LF:15
LH:0
BRF:0
BRH:0
end_of_record
TN:
SF:src\routers\authRouter.ts
FNF:0
FNH:0
DA:1,0
DA:2,0
DA:3,0
DA:4,0
DA:6,0
DA:8,0
DA:13,0
DA:19,0
LF:8
LH:0
BRF:0
BRH:0
end_of_record
TN:
SF:src\routers\index.ts
FNF:0
FNH:0
DA:1,0
DA:2,0
DA:4,0
DA:5,0
DA:7,0
LF:5
LH:0
BRF:0
BRH:0
end_of_record
TN:
SF:src\schemas\userSchema.ts
FNF:0
FNH:0
DA:1,0
DA:5,0
DA:11,0
LF:3
LH:0
BRF:0
BRH:0
end_of_record
TN:
SF:src\services\authService.ts
FN:11,registerUser
FN:19,loginUser
FNF:2
FNH:0
FNDA:0,registerUser
FNDA:0,loginUser
DA:3,0
DA:4,0
DA:5,0
DA:6,0
DA:7,0
DA:8,0
DA:9,0
DA:11,0
DA:12,0
DA:14,0
DA:16,0
DA:19,0
DA:20,0
DA:21,0
DA:22,0
DA:23,0
DA:25,0
DA:26,0
DA:29,0
DA:31,0
DA:33,0
DA:34,0
DA:37,0
DA:39,0
DA:40,0
DA:41,0
DA:42,0
DA:43,0
DA:44,0
DA:49,0
DA:52,0
DA:54,0
DA:55,0
DA:58,0
DA:60,0
LF:35
LH:0
BRDA:25,0,0,0
BRDA:33,1,0,0
BRDA:39,2,0,0
BRDA:41,3,0,0
BRDA:54,4,0,0
BRF:5
BRH:0
end_of_record
TN:
SF:src\utils\verifyEmailAlreadyInUse.ts
FN:4,verifyIsUserEmailAlreadyInUse
FNF:1
FNH:0
FNDA:0,verifyIsUserEmailAlreadyInUse
DA:1,0
DA:2,0
DA:4,0
DA:5,0
DA:7,0
DA:8,0
DA:11,0
LF:7
LH:0
BRDA:7,0,0,0
BRF:1
BRH:0
end_of_record
TN:
SF:src\utils\verifyIfUserExistByEmail.ts
FN:3,verifyIsUserExistsByEmail
FNF:1
FNH:0
FNDA:0,verifyIsUserExistsByEmail
DA:1,0
DA:3,0
DA:4,0
DA:6,0
LF:4
LH:0
BRF:0
BRH:0
end_of_record
TN:
SF:src\utils\verifyIfUserIsBlocked.ts
FN:4,verifyIfUserIsBlocked
FNF:1
FNH:0
FNDA:0,verifyIfUserIsBlocked
DA:1,0
DA:2,0
DA:4,0
DA:5,0
DA:6,0
DA:8,0
DA:9,0
DA:10,0
DA:12,0
DA:13,0
DA:15,0
LF:11
LH:0
BRDA:8,0,0,0
BRDA:9,1,0,0
BRDA:9,1,1,0
BRDA:9,2,0,0
BRDA:9,2,1,0
BRDA:12,3,0,0
BRDA:12,4,0,0
BRDA:12,4,1,0
BRF:8
BRH:0
end_of_record
